<?xml version="1.0" encoding="UTF-8"?>
<!-- Generated by org.testng.reporters.JUnitReportReporter -->
<testsuite hostname="DESKTOP-72HKDS1" name="testcase.TC_AddCustommerTest_003" tests="1" failures="0" timestamp="28 Mar 2019 08:46:56 GMT" time="13.978" errors="0">
  <testcase name="addNewCustomer" time="13.978" classname="testcase.TC_AddCustommerTest_003"/>
</testsuite> <!-- testcase.TC_AddCustommerTest_003 -->
