<?xml version="1.0" encoding="UTF-8"?>
<!-- Generated by org.testng.reporters.JUnitReportReporter -->
<testsuite hostname="DESKTOP-72HKDS1" name="testcase.TC_LoginTest_001" tests="1" failures="0" timestamp="29 Mar 2019 08:01:22 GMT" time="20.904" errors="0">
  <testcase name="Login" time="20.904" classname="testcase.TC_LoginTest_001"/>
</testsuite> <!-- testcase.TC_LoginTest_001 -->
