<?xml version="1.0" encoding="UTF-8"?>
<!-- Generated by org.testng.reporters.JUnitReportReporter -->
<testsuite hostname="DESKTOP-72HKDS1" name="testcase.TC_LoginTest_002" tests="4" failures="0" timestamp="29 Mar 2019 07:50:42 GMT" time="53.403" errors="0">
  <testcase name="Login" time="11.194" classname="testcase.TC_LoginTest_002"/>
  <testcase name="Login" time="11.079" classname="testcase.TC_LoginTest_002"/>
  <testcase name="Login" time="19.885" classname="testcase.TC_LoginTest_002"/>
  <testcase name="Login" time="11.245" classname="testcase.TC_LoginTest_002"/>
</testsuite> <!-- testcase.TC_LoginTest_002 -->
