<?xml version="1.0" encoding="UTF-8"?>
<!-- Generated by org.testng.reporters.JUnitReportReporter -->
<testsuite skipped="0" hostname="DESKTOP-72HKDS1" name="testcase.TC_LoginTest_002" tests="4" failures="0" timestamp="28 Mar 2019 15:51:52 GMT" time="75.613" errors="0">
  <testcase name="Login" time="41.118" classname="testcase.TC_LoginTest_002"/>
  <testcase name="Login" time="11.608" classname="testcase.TC_LoginTest_002"/>
  <testcase name="Login" time="11.515" classname="testcase.TC_LoginTest_002"/>
  <testcase name="Login" time="11.372" classname="testcase.TC_LoginTest_002"/>
</testsuite> <!-- testcase.TC_LoginTest_002 -->
